# JRE version: Java(TM) SE Runtime Environment (8.0_191-b12) (build 1.8.0_191-b12)
# Java VM: Java HotSpot(TM) Client VM (25.191-b12 mixed mode windows-x86 )
Heap:
 def new generation   total 84416K, used 20533K [0x05000000, 0x0ab90000, 0x0faa0000)
  eden space 75072K,  23% used [0x05000000, 0x06151ac0, 0x09950000)
  from space 9344K,  29% used [0x0a270000, 0x0a52b960, 0x0ab90000)
  to   space 9344K,   0% used [0x09950000, 0x09950000, 0x0a270000)
 tenured generation   total 187428K, used 132254K [0x0faa0000, 0x1b1a9000, 0x25000000)
   the space 187428K,  70% used [0x0faa0000, 0x17bc7960, 0x17bc7a00, 0x1b1a9000)
 Metaspace       used 22430K, capacity 23060K, committed 23168K, reserved 23936K
GC Heap History (10 events):
Event: 41031.472 GC heap before
{Heap before GC invocations=66 (full 4):
 def new generation   total 84416K, used 80892K [0x05000000, 0x0ab90000, 0x0faa0000)
  eden space 75072K, 100% used [0x05000000, 0x09950000, 0x09950000)
  from space 9344K,  62% used [0x09950000, 0x09eff260, 0x0a270000)
  to   space 9344K,   0% used [0x0a270000, 0x0a270000, 0x0ab90000)
 tenured generation   total 187428K, used 119900K [0x0faa0000, 0x1b1a9000, 0x25000000)
   the space 187428K,  63% used [0x0faa0000, 0x16fb7198, 0x16fb7200, 0x1b1a9000)
 Metaspace       used 22430K, capacity 23060K, committed 23168K, reserved 23936K
Event: 41031.509 GC heap after
Heap after GC invocations=67 (full 4):
 def new generation   total 84416K, used 3901K [0x05000000, 0x0ab90000, 0x0faa0000)
  eden space 75072K,   0% used [0x05000000, 0x05000000, 0x09950000)
  from space 9344K,  41% used [0x0a270000, 0x0a63f728, 0x0ab90000)
  to   space 9344K,   0% used [0x09950000, 0x09950000, 0x0a270000)
 tenured generation   total 187428K, used 122788K [0x0faa0000, 0x1b1a9000, 0x25000000)
   the space 187428K,  65% used [0x0faa0000, 0x17289168, 0x17289200, 0x1b1a9000)
 Metaspace       used 22430K, capacity 23060K, committed 23168K, reserved 23936K
}
Event: 41098.391 GC heap before
{Heap before GC invocations=67 (full 4):
 def new generation   total 84416K, used 78894K [0x05000000, 0x0ab90000, 0x0faa0000)
  eden space 75072K,  99% used [0x05000000, 0x0993c190, 0x09950000)
  from space 9344K,  41% used [0x0a270000, 0x0a63f728, 0x0ab90000)
  to   space 9344K,   0% used [0x09950000, 0x09950000, 0x0a270000)
 tenured generation   total 187428K, used 122788K [0x0faa0000, 0x1b1a9000, 0x25000000)
   the space 187428K,  65% used [0x0faa0000, 0x17289168, 0x17289200, 0x1b1a9000)
 Metaspace       used 22430K, capacity 23060K, committed 23168K, reserved 23936K
Event: 41098.399 GC heap after
Heap after GC invocations=68 (full 4):
 def new generation   total 84416K, used 6175K [0x05000000, 0x0ab90000, 0x0faa0000)
  eden space 75072K,   0% used [0x05000000, 0x05000000, 0x09950000)
  from space 9344K,  66% used [0x09950000, 0x09f57dc0, 0x0a270000)
  to   space 9344K,   0% used [0x0a270000, 0x0a270000, 0x0ab90000)
 tenured generation   total 187428K, used 122788K [0x0faa0000, 0x1b1a9000, 0x25000000)
   the space 187428K,  65% used [0x0faa0000, 0x17289168, 0x17289200, 0x1b1a9000)
 Metaspace       used 22430K, capacity 23060K, committed 23168K, reserved 23936K
}
Event: 41134.598 GC heap before
{Heap before GC invocations=68 (full 4):
 def new generation   total 84416K, used 81247K [0x05000000, 0x0ab90000, 0x0faa0000)
  eden space 75072K, 100% used [0x05000000, 0x09950000, 0x09950000)
  from space 9344K,  66% used [0x09950000, 0x09f57dc0, 0x0a270000)
  to   space 9344K,   0% used [0x0a270000, 0x0a270000, 0x0ab90000)
 tenured generation   total 187428K, used 122788K [0x0faa0000, 0x1b1a9000, 0x25000000)
   the space 187428K,  65% used [0x0faa0000, 0x17289168, 0x17289200, 0x1b1a9000)
 Metaspace       used 22430K, capacity 23060K, committed 23168K, reserved 23936K
Event: 41134.615 GC heap after
Heap after GC invocations=69 (full 4):
 def new generation   total 84416K, used 6352K [0x05000000, 0x0ab90000, 0x0faa0000)
  eden space 75072K,   0% used [0x05000000, 0x05000000, 0x09950000)
  from space 9344K,  67% used [0x0a270000, 0x0a8a4278, 0x0ab90000)
  to   space 9344K,   0% used [0x09950000, 0x09950000, 0x0a270000)
 tenured generation   total 187428K, used 124579K [0x0faa0000, 0x1b1a9000, 0x25000000)
   the space 187428K,  66% used [0x0faa0000, 0x17448f20, 0x17449000, 0x1b1a9000)
 Metaspace       used 22430K, capacity 23060K, committed 23168K, reserved 23936K
}
Event: 41265.885 GC heap before
{Heap before GC invocations=69 (full 4):
 def new generation   total 84416K, used 81424K [0x05000000, 0x0ab90000, 0x0faa0000)
  eden space 75072K, 100% used [0x05000000, 0x09950000, 0x09950000)
  from space 9344K,  67% used [0x0a270000, 0x0a8a4278, 0x0ab90000)
  to   space 9344K,   0% used [0x09950000, 0x09950000, 0x0a270000)
 tenured generation   total 187428K, used 124579K [0x0faa0000, 0x1b1a9000, 0x25000000)
   the space 187428K,  66% used [0x0faa0000, 0x17448f20, 0x17449000, 0x1b1a9000)
 Metaspace       used 22430K, capacity 23060K, committed 23168K, reserved 23936K
Event: 41265.904 GC heap after
Heap after GC invocations=70 (full 4):
 def new generation   total 84416K, used 7502K [0x05000000, 0x0ab90000, 0x0faa0000)
  eden space 75072K,   0% used [0x05000000, 0x05000000, 0x09950000)
  from space 9344K,  80% used [0x09950000, 0x0a0a3960, 0x0a270000)
  to   space 9344K,   0% used [0x0a270000, 0x0a270000, 0x0ab90000)
 tenured generation   total 187428K, used 124914K [0x0faa0000, 0x1b1a9000, 0x25000000)
   the space 187428K,  66% used [0x0faa0000, 0x1749cb48, 0x1749cc00, 0x1b1a9000)
 Metaspace       used 22430K, capacity 23060K, committed 23168K, reserved 23936K
}
Event: 41397.566 GC heap before
{Heap before GC invocations=70 (full 4):
 def new generation   total 84416K, used 82574K [0x05000000, 0x0ab90000, 0x0faa0000)
  eden space 75072K, 100% used [0x05000000, 0x09950000, 0x09950000)
  from space 9344K,  80% used [0x09950000, 0x0a0a3960, 0x0a270000)
  to   space 9344K,   0% used [0x0a270000, 0x0a270000, 0x0ab90000)
 tenured generation   total 187428K, used 124914K [0x0faa0000, 0x1b1a9000, 0x25000000)
   the space 187428K,  66% used [0x0faa0000, 0x1749cb48, 0x1749cc00, 0x1b1a9000)
 Metaspace       used 22430K, capacity 23060K, committed 23168K, reserved 23936K
Event: 41397.610 GC heap after
Heap after GC invocations=71 (full 4):
 def new generation   total 84416K, used 2798K [0x05000000, 0x0ab90000, 0x0faa0000)
  eden space 75072K,   0% used [0x05000000, 0x05000000, 0x09950000)
  from space 9344K,  29% used [0x0a270000, 0x0a52b960, 0x0ab90000)
  to   space 9344K,   0% used [0x09950000, 0x09950000, 0x0a270000)
 tenured generation   total 187428K, used 132254K [0x0faa0000, 0x1b1a9000, 0x25000000)
   the space 187428K,  70% used [0x0faa0000, 0x17bc7960, 0x17bc7a00, 0x1b1a9000)
 Metaspace       used 22430K, capacity 23060K, committed 23168K, reserved 23936K
}

